<?xml version="1.0" encoding="UTF-8"?>
<!-- Generated by org.testng.reporters.JUnitXMLReporter -->
<testsuite ignored="0" hostname="DESKTOP-ALU41OF" failures="0" tests="3" name="Default test" time="16.669" errors="0" timestamp="2023-05-12T10:14:08 EET">
  <testcase classname="MyTestCase" name="AddAllItemToCart" time="5.36"/>
  <testcase classname="MyTestCase" name="RemoveAllItemsFromTheCart" time="3.297"/>
  <testcase classname="MyTestCase" name="TestTheTitle" time="0.012"/>
</testsuite> <!-- Default test -->
